<?xml version="1.0" encoding="UTF-8"?>
<testng-results ignored="0" total="1" passed="1" failed="0" skipped="0">
  <reporter-output>
  </reporter-output>
  <suite started-at="2022-04-05T03:47:32 CDT" name="Default suite" finished-at="2022-04-05T03:48:03 CDT" duration-ms="30318">
    <groups>
    </groups>
    <test started-at="2022-04-05T03:47:32 CDT" name="Default test" finished-at="2022-04-05T03:48:03 CDT" duration-ms="30318">
      <class name="TestCases.WindowsApplication">
        <test-method signature="MainPage()[pri:0, instance:TestCases.WindowsApplication@1dde4cb2]" started-at="2022-04-05T03:47:32 CDT" name="MainPage" finished-at="2022-04-05T03:48:03 CDT" duration-ms="30290" status="PASS">
          <reporter-output>
          </reporter-output>
        </test-method> <!-- MainPage -->
      </class> <!-- TestCases.WindowsApplication -->
    </test> <!-- Default test -->
  </suite> <!-- Default suite -->
</testng-results>
